<?xml version="1.0" encoding="UTF-8"?>
<coverage generated="1781965683310" clover="3.2.0">
  <project timestamp="1781965683310" name="All files">
    <metrics statements="36" coveredstatements="36" conditionals="25" coveredconditionals="20" methods="9" coveredmethods="9" elements="70" coveredelements="65" complexity="0" loc="36" ncloc="36" packages="1" files="2" classes="2"/>
    <file name="CarbonEngine.ts" path="/app/packages/emissions-engine/src/CarbonEngine.ts">
      <metrics statements="35" coveredstatements="35" conditionals="25" coveredconditionals="20" methods="9" coveredmethods="9"/>
      <line num="43" count="1" type="stmt"/>
      <line num="44" count="1" type="stmt"/>
      <line num="45" count="1" type="stmt"/>
      <line num="49" count="1" type="stmt"/>
      <line num="50" count="36" type="stmt"/>
      <line num="51" count="10" type="cond" truecount="1" falsecount="1"/>
      <line num="54" count="1" type="stmt"/>
      <line num="69" count="5" type="stmt"/>
      <line num="70" count="5" type="stmt"/>
      <line num="71" count="5" type="stmt"/>
      <line num="73" count="5" type="stmt"/>
      <line num="79" count="5" type="stmt"/>
      <line num="80" count="15" type="stmt"/>
      <line num="81" count="15" type="stmt"/>
      <line num="83" count="15" type="cond" truecount="1" falsecount="1"/>
      <line num="85" count="15" type="stmt"/>
      <line num="86" count="80" type="stmt"/>
      <line num="88" count="80" type="cond" truecount="6" falsecount="0"/>
      <line num="89" count="61" type="stmt"/>
      <line num="92" count="19" type="stmt"/>
      <line num="93" count="19" type="stmt"/>
      <line num="94" count="19" type="stmt"/>
      <line num="96" count="19" type="cond" truecount="2" falsecount="0"/>
      <line num="97" count="5" type="stmt"/>
      <line num="98" count="5" type="stmt"/>
      <line num="103" count="15" type="stmt"/>
      <line num="105" count="5" type="stmt"/>
      <line num="118" count="2" type="stmt"/>
      <line num="119" count="2" type="cond" truecount="2" falsecount="0"/>
      <line num="120" count="1" type="cond" truecount="1" falsecount="1"/>
      <line num="122" count="1" type="cond" truecount="1" falsecount="2"/>
      <line num="126" count="3" type="cond" truecount="4" falsecount="0"/>
      <line num="127" count="2" type="stmt"/>
      <line num="130" count="1" type="stmt"/>
      <line num="138" count="23" type="stmt"/>
    </file>
    <file name="constants.ts" path="/app/packages/emissions-engine/src/constants.ts">
      <metrics statements="1" coveredstatements="1" conditionals="0" coveredconditionals="0" methods="0" coveredmethods="0"/>
      <line num="50" count="1" type="stmt"/>
    </file>
  </project>
</coverage>
