{"/app/packages/emissions-engine/src/CarbonEngine.ts": {"path":"/app/packages/emissions-engine/src/CarbonEngine.ts","statementMap":{"0":{"start":{"line":43,"column":4},"end":{"line":43,"column":null}},"1":{"start":{"line":44,"column":4},"end":{"line":44,"column":null}},"2":{"start":{"line":45,"column":4},"end":{"line":45,"column":null}},"3":{"start":{"line":49,"column":10},"end":{"line":52,"column":null}},"4":{"start":{"line":50,"column":20},"end":{"line":50,"column":null}},"5":{"start":{"line":50,"column":39},"end":{"line":50,"column":58}},"6":{"start":{"line":51,"column":6},"end":{"line":51,"column":null}},"7":{"start":{"line":54,"column":4},"end":{"line":65,"column":null}},"8":{"start":{"line":69,"column":33},"end":{"line":69,"column":null}},"9":{"start":{"line":70,"column":37},"end":{"line":70,"column":null}},"10":{"start":{"line":71,"column":24},"end":{"line":71,"column":null}},"11":{"start":{"line":73,"column":95},"end":{"line":77,"column":null}},"12":{"start":{"line":79,"column":4},"end":{"line":101,"column":null}},"13":{"start":{"line":80,"column":26},"end":{"line":80,"column":null}},"14":{"start":{"line":81,"column":24},"end":{"line":81,"column":null}},"15":{"start":{"line":83,"column":6},"end":{"line":83,"column":null}},"16":{"start":{"line":83,"column":24},"end":{"line":83,"column":null}},"17":{"start":{"line":85,"column":6},"end":{"line":100,"column":null}},"18":{"start":{"line":86,"column":26},"end":{"line":86,"column":null}},"19":{"start":{"line":88,"column":8},"end":{"line":90,"column":null}},"20":{"start":{"line":89,"column":10},"end":{"line":89,"column":null}},"21":{"start":{"line":92,"column":23},"end":{"line":92,"column":null}},"22":{"start":{"line":93,"column":25},"end":{"line":93,"column":null}},"23":{"start":{"line":94,"column":8},"end":{"line":94,"column":null}},"24":{"start":{"line":96,"column":8},"end":{"line":99,"column":null}},"25":{"start":{"line":97,"column":10},"end":{"line":97,"column":null}},"26":{"start":{"line":98,"column":10},"end":{"line":98,"column":null}},"27":{"start":{"line":103,"column":24},"end":{"line":103,"column":null}},"28":{"start":{"line":103,"column":68},"end":{"line":103,"column":77}},"29":{"start":{"line":105,"column":4},"end":{"line":114,"column":null}},"30":{"start":{"line":118,"column":28},"end":{"line":118,"column":null}},"31":{"start":{"line":119,"column":4},"end":{"line":121,"column":null}},"32":{"start":{"line":120,"column":6},"end":{"line":120,"column":null}},"33":{"start":{"line":122,"column":4},"end":{"line":122,"column":null}},"34":{"start":{"line":126,"column":4},"end":{"line":128,"column":null}},"35":{"start":{"line":127,"column":6},"end":{"line":127,"column":null}},"36":{"start":{"line":130,"column":4},"end":{"line":134,"column":null}},"37":{"start":{"line":138,"column":4},"end":{"line":138,"column":null}}},"fnMap":{"0":{"name":"constructor","decl":{"start":{"line":38,"column":2},"end":{"line":38,"column":null}},"loc":{"start":{"line":42,"column":4},"end":{"line":46,"column":null}},"line":42},"1":{"name":"_buildNudgeMap","decl":{"start":{"line":48,"column":2},"end":{"line":48,"column":10}},"loc":{"start":{"line":48,"column":83},"end":{"line":66,"column":null}},"line":48},"2":{"name":"(anonymous_2)","decl":{"start":{"line":49,"column":10},"end":{"line":49,"column":23}},"loc":{"start":{"line":49,"column":42},"end":{"line":52,"column":null}},"line":49},"3":{"name":"(anonymous_3)","decl":{"start":{"line":50,"column":27},"end":{"line":50,"column":33}},"loc":{"start":{"line":50,"column":39},"end":{"line":50,"column":58}},"line":50},"4":{"name":"calculateDailyFootprint","decl":{"start":{"line":68,"column":2},"end":{"line":68,"column":9}},"loc":{"start":{"line":68,"column":78},"end":{"line":115,"column":null}},"line":68},"5":{"name":"(anonymous_5)","decl":{"start":{"line":103,"column":49},"end":{"line":103,"column":57}},"loc":{"start":{"line":103,"column":68},"end":{"line":103,"column":77}},"line":103},"6":{"name":"getPersonalizedInsight","decl":{"start":{"line":117,"column":2},"end":{"line":117,"column":9}},"loc":{"start":{"line":117,"column":66},"end":{"line":123,"column":null}},"line":117},"7":{"name":"getRelatableEquivalent","decl":{"start":{"line":125,"column":2},"end":{"line":125,"column":9}},"loc":{"start":{"line":125,"column":72},"end":{"line":135,"column":null}},"line":125},"8":{"name":"_round","decl":{"start":{"line":137,"column":2},"end":{"line":137,"column":10}},"loc":{"start":{"line":137,"column":38},"end":{"line":139,"column":null}},"line":137}},"branchMap":{"0":{"loc":{"start":{"line":51,"column":13},"end":{"line":51,"column":null}},"type":"cond-expr","locations":[{"start":{"line":51,"column":21},"end":{"line":51,"column":50}},{"start":{"line":51,"column":50},"end":{"line":51,"column":null}}],"line":51},"1":{"loc":{"start":{"line":83,"column":6},"end":{"line":83,"column":null}},"type":"if","locations":[{"start":{"line":83,"column":6},"end":{"line":83,"column":null}},{"start":{},"end":{}}],"line":83},"2":{"loc":{"start":{"line":88,"column":8},"end":{"line":90,"column":null}},"type":"if","locations":[{"start":{"line":88,"column":8},"end":{"line":90,"column":null}},{"start":{},"end":{}}],"line":88},"3":{"loc":{"start":{"line":88,"column":12},"end":{"line":88,"column":108}},"type":"binary-expr","locations":[{"start":{"line":88,"column":12},"end":{"line":88,"column":26}},{"start":{"line":88,"column":26},"end":{"line":88,"column":65}},{"start":{"line":88,"column":65},"end":{"line":88,"column":95}},{"start":{"line":88,"column":95},"end":{"line":88,"column":108}}],"line":88},"4":{"loc":{"start":{"line":96,"column":8},"end":{"line":99,"column":null}},"type":"if","locations":[{"start":{"line":96,"column":8},"end":{"line":99,"column":null}},{"start":{},"end":{}}],"line":96},"5":{"loc":{"start":{"line":113,"column":24},"end":{"line":113,"column":null}},"type":"cond-expr","locations":[{"start":{"line":113,"column":38},"end":{"line":113,"column":66}},{"start":{"line":113,"column":66},"end":{"line":113,"column":null}}],"line":113},"6":{"loc":{"start":{"line":119,"column":4},"end":{"line":121,"column":null}},"type":"if","locations":[{"start":{"line":119,"column":4},"end":{"line":121,"column":null}},{"start":{},"end":{}}],"line":119},"7":{"loc":{"start":{"line":120,"column":13},"end":{"line":120,"column":null}},"type":"binary-expr","locations":[{"start":{"line":120,"column":13},"end":{"line":120,"column":38}},{"start":{"line":120,"column":38},"end":{"line":120,"column":null}}],"line":120},"8":{"loc":{"start":{"line":122,"column":11},"end":{"line":122,"column":null}},"type":"binary-expr","locations":[{"start":{"line":122,"column":11},"end":{"line":122,"column":41}},{"start":{"line":122,"column":41},"end":{"line":122,"column":66}},{"start":{"line":122,"column":66},"end":{"line":122,"column":null}}],"line":122},"9":{"loc":{"start":{"line":126,"column":4},"end":{"line":128,"column":null}},"type":"if","locations":[{"start":{"line":126,"column":4},"end":{"line":128,"column":null}},{"start":{},"end":{}}],"line":126},"10":{"loc":{"start":{"line":126,"column":8},"end":{"line":126,"column":63}},"type":"binary-expr","locations":[{"start":{"line":126,"column":8},"end":{"line":126,"column":44}},{"start":{"line":126,"column":44},"end":{"line":126,"column":63}}],"line":126}},"s":{"0":1,"1":1,"2":1,"3":1,"4":10,"5":36,"6":10,"7":1,"8":5,"9":5,"10":5,"11":5,"12":5,"13":15,"14":15,"15":15,"16":0,"17":15,"18":80,"19":80,"20":61,"21":19,"22":19,"23":19,"24":19,"25":5,"26":5,"27":5,"28":15,"29":5,"30":2,"31":2,"32":1,"33":1,"34":3,"35":2,"36":1,"37":23},"f":{"0":1,"1":1,"2":10,"3":36,"4":5,"5":15,"6":2,"7":3,"8":23},"b":{"0":[10,0],"1":[0,15],"2":[61,19],"3":[80,80,80,80],"4":[5,14],"5":[3,2],"6":[1,1],"7":[1,0],"8":[1,0,0],"9":[2,1],"10":[3,3]},"meta":{"lastBranch":11,"lastFunction":9,"lastStatement":38,"seen":{"f:38:2:38:Infinity":0,"s:43:4:43:Infinity":0,"s:44:4:44:Infinity":1,"s:45:4:45:Infinity":2,"f:48:2:48:10":1,"s:49:10:52:Infinity":3,"f:49:10:49:23":2,"s:50:20:50:Infinity":4,"f:50:27:50:33":3,"s:50:39:50:58":5,"s:51:6:51:Infinity":6,"b:51:21:51:50:51:50:51:Infinity":0,"s:54:4:65:Infinity":7,"f:68:2:68:9":4,"s:69:33:69:Infinity":8,"s:70:37:70:Infinity":9,"s:71:24:71:Infinity":10,"s:73:95:77:Infinity":11,"s:79:4:101:Infinity":12,"s:80:26:80:Infinity":13,"s:81:24:81:Infinity":14,"b:83:6:83:Infinity:undefined:undefined:undefined:undefined":1,"s:83:6:83:Infinity":15,"s:83:24:83:Infinity":16,"s:85:6:100:Infinity":17,"s:86:26:86:Infinity":18,"b:88:8:90:Infinity:undefined:undefined:undefined:undefined":2,"s:88:8:90:Infinity":19,"b:88:12:88:26:88:26:88:65:88:65:88:95:88:95:88:108":3,"s:89:10:89:Infinity":20,"s:92:23:92:Infinity":21,"s:93:25:93:Infinity":22,"s:94:8:94:Infinity":23,"b:96:8:99:Infinity:undefined:undefined:undefined:undefined":4,"s:96:8:99:Infinity":24,"s:97:10:97:Infinity":25,"s:98:10:98:Infinity":26,"s:103:24:103:Infinity":27,"f:103:49:103:57":5,"s:103:68:103:77":28,"s:105:4:114:Infinity":29,"b:113:38:113:66:113:66:113:Infinity":5,"f:117:2:117:9":6,"s:118:28:118:Infinity":30,"b:119:4:121:Infinity:undefined:undefined:undefined:undefined":6,"s:119:4:121:Infinity":31,"s:120:6:120:Infinity":32,"b:120:13:120:38:120:38:120:Infinity":7,"s:122:4:122:Infinity":33,"b:122:11:122:41:122:41:122:66:122:66:122:Infinity":8,"f:125:2:125:9":7,"b:126:4:128:Infinity:undefined:undefined:undefined:undefined":9,"s:126:4:128:Infinity":34,"b:126:8:126:44:126:44:126:63":10,"s:127:6:127:Infinity":35,"s:130:4:134:Infinity":36,"f:137:2:137:10":8,"s:138:4:138:Infinity":37},"fnNames":{}}}
,"/app/packages/emissions-engine/src/constants.ts": {"path":"/app/packages/emissions-engine/src/constants.ts","statementMap":{"0":{"start":{"line":50,"column":25},"end":{"line":111,"column":null}}},"fnMap":{},"branchMap":{},"s":{"0":1},"f":{},"b":{},"meta":{"lastBranch":0,"lastFunction":0,"lastStatement":1,"seen":{"s:50:25:111:Infinity":0},"fnNames":{}}}
}
